<?xml version="1.0" encoding="UTF-8"?>
<testsuite xmlns:xsi="http://www.w3.org/2001/XMLSchema-instance" xsi:noNamespaceSchemaLocation="https://maven.apache.org/surefire/maven-surefire-plugin/xsd/surefire-test-report-3.0.xsd" version="3.0" name="TestSuite" time="127.264" tests="1" errors="0" skipped="0" failures="1">
  <properties>
[...]
</properties>
  <testcase name="setup" classname="MavenDemo.MavenDemo.LoginTest" time="118.309">
    <failure message="unknown error: unable to discover open pages&#10;Build info: version: &apos;3.141.59&apos;, revision: &apos;e82be7d358&apos;, time: &apos;2018-11-14T08:17:03&apos;&#10;System info: host: &apos;RAJAN-PC&apos;, ip: &apos;192.168.43.204&apos;, os.name: &apos;Windows 7&apos;, os.arch: &apos;amd64&apos;, os.version: &apos;6.1&apos;, java.version: &apos;1.8.0_211&apos;&#10;Driver info: driver.version: ChromeDriver&#10;remote stacktrace: Backtrace:&#10;	Ordinal0 [0x00191B43+1448771]&#10;	Ordinal0 [0x00115A31+940593]&#10;	Ordinal0 [0x000A2293+467603]&#10;	Ordinal0 [0x0003F1DA+61914]&#10;	Ordinal0 [0x0003BBBD+48061]&#10;	Ordinal0 [0x00058D09+167177]&#10;	Ordinal0 [0x000588DD+166109]&#10;	Ordinal0 [0x00056FEB+159723]&#10;	Ordinal0 [0x000409F6+68086]&#10;	Ordinal0 [0x00041990+72080]&#10;	Ordinal0 [0x00041929+71977]&#10;	GetHandleVerifier [0x002D2E8C+1172172]&#10;	GetHandleVerifier [0x0022FE55+504469]&#10;	GetHandleVerifier [0x0022FBF0+503856]&#10;	Ordinal0 [0x0019C9C8+1493448]&#10;	GetHandleVerifier [0x0023062A+506474]&#10;	Ordinal0 [0x00127156+1012054]&#10;	Ordinal0 [0x00126FCF+1011663]&#10;	Ordinal0 [0x0013135B+1053531]&#10;	Ordinal0 [0x001314C3+1053891]&#10;	Ordinal0 [0x001304F5+1049845]&#10;	BaseThreadInitThunk [0x74BC343D+18]&#10;	RtlInitializeExceptionChain [0x77469802+99]&#10;	RtlInitializeExceptionChain [0x774697D5+54]&#10;" type="org.openqa.selenium.WebDriverException">org.openqa.selenium.WebDriverException: 
unknown error: unable to discover open pages
Build info: version: '3.141.59', revision: 'e82be7d358', time: '2018-11-14T08:17:03'
System info: host: 'RAJAN-PC', ip: '192.168.43.204', os.name: 'Windows 7', os.arch: 'amd64', os.version: '6.1', java.version: '1.8.0_211'
Driver info: driver.version: ChromeDriver
remote stacktrace: Backtrace:
	Ordinal0 [0x00191B43+1448771]
	Ordinal0 [0x00115A31+940593]
	Ordinal0 [0x000A2293+467603]
	Ordinal0 [0x0003F1DA+61914]
	Ordinal0 [0x0003BBBD+48061]
	Ordinal0 [0x00058D09+167177]
	Ordinal0 [0x000588DD+166109]
	Ordinal0 [0x00056FEB+159723]
	Ordinal0 [0x000409F6+68086]
	Ordinal0 [0x00041990+72080]
	Ordinal0 [0x00041929+71977]
	GetHandleVerifier [0x002D2E8C+1172172]
	GetHandleVerifier [0x0022FE55+504469]
	GetHandleVerifier [0x0022FBF0+503856]
	Ordinal0 [0x0019C9C8+1493448]
	GetHandleVerifier [0x0023062A+506474]
	Ordinal0 [0x00127156+1012054]
	Ordinal0 [0x00126FCF+1011663]
	Ordinal0 [0x0013135B+1053531]
	Ordinal0 [0x001314C3+1053891]
	Ordinal0 [0x001304F5+1049845]
	BaseThreadInitThunk [0x74BC343D+18]
	RtlInitializeExceptionChain [0x77469802+99]
	RtlInitializeExceptionChain [0x774697D5+54]

	at MavenDemo.MavenDemo.LoginTest.setup(LoginTest.java:18)
</failure>
    <system-err><![CDATA[Starting ChromeDriver 75.0.3770.140 (2d9f97485c7b07dc18a74666574f19176731995c-refs/branch-heads/3770@{#1155}) on port 24698
Only local connections are allowed.
Please protect ports used by ChromeDriver and related test frameworks to prevent access by malicious code.
[1567739065.364][WARNING]: This version of ChromeDriver has not been tested with Chrome version 76.
]]></system-err>
  </testcase>
</testsuite>