<?xml version="1.0" encoding="UTF-8"?>
<testng-results skipped="0" failed="1" ignored="0" total="1" passed="0">
  <reporter-output>
  </reporter-output>
  <suite name="Suite" duration-ms="118784" started-at="2019-09-06T03:02:31Z" finished-at="2019-09-06T03:04:29Z">
    <groups>
    </groups>
    <test name="Test" duration-ms="118784" started-at="2019-09-06T03:02:31Z" finished-at="2019-09-06T03:04:29Z">
      <class name="MavenDemo.MavenDemo.LoginTest">
        <test-method status="FAIL" signature="setup()[pri:0, instance:MavenDemo.MavenDemo.LoginTest@21bcffb5]" name="setup" duration-ms="118252" started-at="2019-09-06T03:02:31Z" finished-at="2019-09-06T03:04:29Z">
          <exception class="org.openqa.selenium.WebDriverException">
            <message>
              <![CDATA[unknown error: unable to discover open pages
Build info: version: '3.141.59', revision: 'e82be7d358', time: '2018-11-14T08:17:03'
System info: host: 'RAJAN-PC', ip: '192.168.43.204', os.name: 'Windows 7', os.arch: 'amd64', os.version: '6.1', java.version: '1.8.0_211'
Driver info: driver.version: ChromeDriver
remote stacktrace: Backtrace:
Ordinal0 [0x00191B43+1448771]
Ordinal0 [0x00115A31+940593]
Ordinal0 [0x000A2293+467603]
Ordinal0 [0x0003F1DA+61914]
Ordinal0 [0x0003BBBD+48061]
Ordinal0 [0x00058D09+167177]
Ordinal0 [0x000588DD+166109]
Ordinal0 [0x00056FEB+159723]
Ordinal0 [0x000409F6+68086]
Ordinal0 [0x00041990+72080]
Ordinal0 [0x00041929+71977]
GetHandleVerifier [0x002D2E8C+1172172]
GetHandleVerifier [0x0022FE55+504469]
GetHandleVerifier [0x0022FBF0+503856]
Ordinal0 [0x0019C9C8+1493448]
GetHandleVerifier [0x0023062A+506474]
Ordinal0 [0x00127156+1012054]
Ordinal0 [0x00126FCF+1011663]
Ordinal0 [0x0013135B+1053531]
Ordinal0 [0x001314C3+1053891]
Ordinal0 [0x001304F5+1049845]
BaseThreadInitThunk [0x74BC343D+18]
RtlInitializeExceptionChain [0x77469802+99]
RtlInitializeExceptionChain [0x774697D5+54]
]]>
            </message>
            <full-stacktrace>
              <![CDATA[org.openqa.selenium.WebDriverException: unknown error: unable to discover open pages
Build info: version: '3.141.59', revision: 'e82be7d358', time: '2018-11-14T08:17:03'
System info: host: 'RAJAN-PC', ip: '192.168.43.204', os.name: 'Windows 7', os.arch: 'amd64', os.version: '6.1', java.version: '1.8.0_211'
Driver info: driver.version: ChromeDriver
remote stacktrace: Backtrace:
Ordinal0 [0x00191B43+1448771]
Ordinal0 [0x00115A31+940593]
Ordinal0 [0x000A2293+467603]
Ordinal0 [0x0003F1DA+61914]
Ordinal0 [0x0003BBBD+48061]
Ordinal0 [0x00058D09+167177]
Ordinal0 [0x000588DD+166109]
Ordinal0 [0x00056FEB+159723]
Ordinal0 [0x000409F6+68086]
Ordinal0 [0x00041990+72080]
Ordinal0 [0x00041929+71977]
GetHandleVerifier [0x002D2E8C+1172172]
GetHandleVerifier [0x0022FE55+504469]
GetHandleVerifier [0x0022FBF0+503856]
Ordinal0 [0x0019C9C8+1493448]
GetHandleVerifier [0x0023062A+506474]
Ordinal0 [0x00127156+1012054]
Ordinal0 [0x00126FCF+1011663]
Ordinal0 [0x0013135B+1053531]
Ordinal0 [0x001314C3+1053891]
Ordinal0 [0x001304F5+1049845]
BaseThreadInitThunk [0x74BC343D+18]
RtlInitializeExceptionChain [0x77469802+99]
RtlInitializeExceptionChain [0x774697D5+54]

at sun.reflect.NativeConstructorAccessorImpl.newInstance0(Native Method)
at sun.reflect.NativeConstructorAccessorImpl.newInstance(Unknown Source)
at sun.reflect.DelegatingConstructorAccessorImpl.newInstance(Unknown Source)
at java.lang.reflect.Constructor.newInstance(Unknown Source)
at org.openqa.selenium.remote.W3CHandshakeResponse.lambda$errorHandler$0(W3CHandshakeResponse.java:62)
at org.openqa.selenium.remote.HandshakeResponse.lambda$getResponseFunction$0(HandshakeResponse.java:30)
at org.openqa.selenium.remote.ProtocolHandshake.lambda$createSession$0(ProtocolHandshake.java:126)
at java.util.stream.ReferencePipeline$3$1.accept(Unknown Source)
at java.util.Spliterators$ArraySpliterator.tryAdvance(Unknown Source)
at java.util.stream.ReferencePipeline.forEachWithCancel(Unknown Source)
at java.util.stream.AbstractPipeline.copyIntoWithCancel(Unknown Source)
at java.util.stream.AbstractPipeline.copyInto(Unknown Source)
at java.util.stream.AbstractPipeline.wrapAndCopyInto(Unknown Source)
at java.util.stream.FindOps$FindOp.evaluateSequential(Unknown Source)
at java.util.stream.AbstractPipeline.evaluate(Unknown Source)
at java.util.stream.ReferencePipeline.findFirst(Unknown Source)
at org.openqa.selenium.remote.ProtocolHandshake.createSession(ProtocolHandshake.java:128)
at org.openqa.selenium.remote.ProtocolHandshake.createSession(ProtocolHandshake.java:74)
at org.openqa.selenium.remote.HttpCommandExecutor.execute(HttpCommandExecutor.java:136)
at org.openqa.selenium.remote.service.DriverCommandExecutor.execute(DriverCommandExecutor.java:83)
at org.openqa.selenium.remote.RemoteWebDriver.execute(RemoteWebDriver.java:552)
at org.openqa.selenium.remote.RemoteWebDriver.startSession(RemoteWebDriver.java:213)
at org.openqa.selenium.remote.RemoteWebDriver.<init>(RemoteWebDriver.java:131)
at org.openqa.selenium.chrome.ChromeDriver.<init>(ChromeDriver.java:181)
at org.openqa.selenium.chrome.ChromeDriver.<init>(ChromeDriver.java:168)
at org.openqa.selenium.chrome.ChromeDriver.<init>(ChromeDriver.java:123)
at MavenDemo.MavenDemo.LoginTest.setup(LoginTest.java:18)
at sun.reflect.NativeMethodAccessorImpl.invoke0(Native Method)
at sun.reflect.NativeMethodAccessorImpl.invoke(Unknown Source)
at sun.reflect.DelegatingMethodAccessorImpl.invoke(Unknown Source)
at java.lang.reflect.Method.invoke(Unknown Source)
at org.testng.internal.MethodInvocationHelper.invokeMethod(MethodInvocationHelper.java:124)
at org.testng.internal.Invoker.invokeMethod(Invoker.java:583)
at org.testng.internal.Invoker.invokeTestMethod(Invoker.java:719)
at org.testng.internal.Invoker.invokeTestMethods(Invoker.java:989)
at org.testng.internal.TestMethodWorker.invokeTestMethods(TestMethodWorker.java:125)
at org.testng.internal.TestMethodWorker.run(TestMethodWorker.java:109)
at org.testng.TestRunner.privateRun(TestRunner.java:648)
at org.testng.TestRunner.run(TestRunner.java:505)
at org.testng.SuiteRunner.runTest(SuiteRunner.java:455)
at org.testng.SuiteRunner.runSequentially(SuiteRunner.java:450)
at org.testng.SuiteRunner.privateRun(SuiteRunner.java:415)
at org.testng.SuiteRunner.run(SuiteRunner.java:364)
at org.testng.SuiteRunnerWorker.runSuite(SuiteRunnerWorker.java:52)
at org.testng.SuiteRunnerWorker.run(SuiteRunnerWorker.java:84)
at org.testng.TestNG.runSuitesSequentially(TestNG.java:1208)
at org.testng.TestNG.runSuitesLocally(TestNG.java:1137)
at org.testng.TestNG.runSuites(TestNG.java:1049)
at org.testng.TestNG.run(TestNG.java:1017)
at org.apache.maven.surefire.testng.TestNGExecutor.run(TestNGExecutor.java:283)
at org.apache.maven.surefire.testng.TestNGXmlTestSuite.execute(TestNGXmlTestSuite.java:75)
at org.apache.maven.surefire.testng.TestNGProvider.invoke(TestNGProvider.java:120)
at org.apache.maven.surefire.booter.ForkedBooter.invokeProviderInSameClassLoader(ForkedBooter.java:384)
at org.apache.maven.surefire.booter.ForkedBooter.runSuitesInProcess(ForkedBooter.java:345)
at org.apache.maven.surefire.booter.ForkedBooter.execute(ForkedBooter.java:126)
at org.apache.maven.surefire.booter.ForkedBooter.main(ForkedBooter.java:418)
]]>
            </full-stacktrace>
          </exception> <!-- org.openqa.selenium.WebDriverException -->
          <reporter-output>
          </reporter-output>
        </test-method> <!-- setup -->
      </class> <!-- MavenDemo.MavenDemo.LoginTest -->
    </test> <!-- Test -->
  </suite> <!-- Suite -->
</testng-results>
